<?xml version="1.0" encoding="UTF-8"?>
<testng-results ignored="0" total="1" passed="1" failed="0" skipped="0">
  <reporter-output>
  </reporter-output>
  <suite started-at="2023-04-23T17:46:05 IST" name="Default suite" finished-at="2023-04-23T17:46:48 IST" duration-ms="42718">
    <groups>
    </groups>
    <test started-at="2023-04-23T17:46:05 IST" name="Default test" finished-at="2023-04-23T17:46:48 IST" duration-ms="42718">
      <class name="test.VerifyUserIsAbleToCheckout">
        <test-method is-config="true" signature="launchBrowser()[pri:0, instance:test.VerifyUserIsAbleToCheckout@5fdcaa40]" started-at="2023-04-23T17:46:05 IST" name="launchBrowser" finished-at="2023-04-23T17:46:32 IST" duration-ms="26511" status="PASS">
          <reporter-output>
          </reporter-output>
        </test-method> <!-- launchBrowser -->
        <test-method signature="verifyUserIsAbleToCheckout()[pri:0, instance:test.VerifyUserIsAbleToCheckout@5fdcaa40]" started-at="2023-04-23T17:46:32 IST" name="verifyUserIsAbleToCheckout" finished-at="2023-04-23T17:46:48 IST" duration-ms="16092" status="PASS">
          <reporter-output>
          </reporter-output>
        </test-method> <!-- verifyUserIsAbleToCheckout -->
      </class> <!-- test.VerifyUserIsAbleToCheckout -->
    </test> <!-- Default test -->
  </suite> <!-- Default suite -->
</testng-results>
